#
# A fatal error has been detected by the Java Runtime Environment:
#
#  Internal Error (classFileParser.cpp:3494), pid=5597, tid=140175837849344
#  Error: ShouldNotReachHere()
#
# JRE version: 6.0_24-b24
# Java VM: OpenJDK 64-Bit Server VM (20.0-b12 mixed mode linux-amd64 compressed oops)
# Derivative: IcedTea6 1.11.5
# Distribution: Ubuntu 12.04 LTS, package 6b24-1.11.5-0ubuntu1~12.04.1
# If you would like to submit a bug report, please include
# instructions how to reproduce the bug and visit:
#   https://bugs.launchpad.net/ubuntu/+source/openjdk-6/
#

---------------  T H R E A D  ---------------

Current thread (0x00007f7d34007800):  JavaThread "Unknown thread" [_thread_in_vm, id=5602, stack(0x00007f7d3af56000,0x00007f7d3b057000)]

Stack: [0x00007f7d3af56000,0x00007f7d3b057000],  sp=0x00007f7d3b055080,  free space=1020k
Native frames: (J=compiled Java code, j=interpreted, Vv=VM code, C=native code)
V  [libjvm.so+0x7846a5]  VMError::report(outputStream*)+0x1255
V  [libjvm.so+0x784929]  VMError::report_and_die()+0x169
V  [libjvm.so+0x3bb5ea]  report_vm_error(char const*, int, char const*, char const*)+0x4a
V  [libjvm.so+0x351985]  ClassFileParser::parseClassFile(symbolHandle, Handle, Handle, KlassHandle, GrowableArray<Handle>*, symbolHandle&, bool, Thread*)+0x1545
V  [libjvm.so+0x355be3]  ClassLoader::load_classfile(symbolHandle, Thread*)+0x1f3
V  [libjvm.so+0x71c854]  SystemDictionary::load_instance_class(symbolHandle, Handle, Thread*)+0x354
V  [libjvm.so+0x71af60]  SystemDictionary::resolve_instance_class_or_null(symbolHandle, Handle, Handle, Thread*)+0x7c0
V  [libjvm.so+0x71cee3]  SystemDictionary::resolve_or_fail(symbolHandle, Handle, Handle, bool, Thread*)+0x33
V  [libjvm.so+0x71cfc4]  SystemDictionary::resolve_or_fail(symbolHandle, bool, Thread*)+0x14
V  [libjvm.so+0x71d070]  SystemDictionary::initialize_wk_klass(SystemDictionary::WKID, int, Thread*)+0xa0
V  [libjvm.so+0x71d0d9]  SystemDictionary::initialize_wk_klasses_until(SystemDictionary::WKID, SystemDictionary::WKID&, Thread*)+0x59
V  [libjvm.so+0x71d1d1]  SystemDictionary::initialize_preloaded_classes(Thread*)+0x71
V  [libjvm.so+0x760a5f]  Universe::genesis(Thread*)+0x11f
V  [libjvm.so+0x76140f]  universe2_init()+0x1f
V  [libjvm.so+0x474675]  init_globals()+0x95
V  [libjvm.so+0x74b38a]  Threads::create_vm(JavaVMInitArgs*, bool*)+0x1ea
V  [libjvm.so+0x4ce4d1]  JNI_CreateJavaVM+0x61
C  [java+0x317e]  JavaMain+0x7e


---------------  P R O C E S S  ---------------

Java Threads: ( => current thread )

Other Threads:

=>0x00007f7d34007800 (exited) JavaThread "Unknown thread" [_thread_in_vm, id=5602, stack(0x00007f7d3af56000,0x00007f7d3b057000)]

VM state:not at safepoint (not fully initialized)

VM Mutex/Monitor currently owned by a thread: None

Dynamic libraries:
00400000-00409000 r-xp 00000000 08:01 2119771                            /usr/lib/jvm/java-6-openjdk-amd64/jre/bin/java
00608000-00609000 r--p 00008000 08:01 2119771                            /usr/lib/jvm/java-6-openjdk-amd64/jre/bin/java
00609000-0060a000 rw-p 00009000 08:01 2119771                            /usr/lib/jvm/java-6-openjdk-amd64/jre/bin/java
011ac000-011cd000 rw-p 00000000 00:00 0                                  [heap]
b9e00000-bb2c0000 rw-p 00000000 00:00 0 
bb2c0000-c4400000 rw-p 00000000 00:00 0 
c4400000-c6bd0000 rw-p 00000000 00:00 0 
c6bd0000-ec160000 rw-p 00000000 00:00 0 
ec160000-ed540000 rw-p 00000000 00:00 0 
ed540000-100000000 rw-p 00000000 00:00 0 
7f7d14000000-7f7d14021000 rw-p 00000000 00:00 0 
7f7d14021000-7f7d18000000 ---p 00000000 00:00 0 
7f7d1c000000-7f7d1c021000 rw-p 00000000 00:00 0 
7f7d1c021000-7f7d20000000 ---p 00000000 00:00 0 
7f7d24000000-7f7d24021000 rw-p 00000000 00:00 0 
7f7d24021000-7f7d28000000 ---p 00000000 00:00 0 
7f7d2c000000-7f7d2c021000 rw-p 00000000 00:00 0 
7f7d2c021000-7f7d30000000 ---p 00000000 00:00 0 
7f7d30543000-7f7d30608000 r--s 0115c000 08:05 12206815                   /home/white/files/android/devTools/android-sdk-linux/platforms/android-17/android.jar
7f7d30608000-7f7d30630000 rw-p 00000000 00:00 0 
7f7d30630000-7f7d30631000 ---p 00000000 00:00 0 
7f7d30631000-7f7d30731000 rw-p 00000000 00:00 0 
7f7d30731000-7f7d30732000 ---p 00000000 00:00 0 
7f7d30732000-7f7d30832000 rw-p 00000000 00:00 0 
7f7d30832000-7f7d30833000 ---p 00000000 00:00 0 
7f7d30833000-7f7d30933000 rw-p 00000000 00:00 0 
7f7d30933000-7f7d30934000 ---p 00000000 00:00 0 
7f7d30934000-7f7d30a3f000 rw-p 00000000 00:00 0 
7f7d30a3f000-7f7d30a87000 rw-p 00000000 00:00 0 
7f7d30a87000-7f7d30a9b000 rw-p 00000000 00:00 0 
7f7d30a9b000-7f7d30bc6000 rw-p 00000000 00:00 0 
7f7d30bc6000-7f7d30bd1000 rw-p 00000000 00:00 0 
7f7d30bd1000-7f7d30c19000 rw-p 00000000 00:00 0 
7f7d30c19000-7f7d30c2d000 rw-p 00000000 00:00 0 
7f7d30c2d000-7f7d30d57000 rw-p 00000000 00:00 0 
7f7d30d57000-7f7d30d62000 rw-p 00000000 00:00 0 
7f7d30d62000-7f7d30df7000 rw-p 00000000 00:00 0 
7f7d30df7000-7f7d30df8000 rw-p 00000000 00:00 0 
7f7d30df8000-7f7d31068000 rwxp 00000000 00:00 0 
7f7d31068000-7f7d33df8000 rw-p 00000000 00:00 0 
7f7d33df8000-7f7d33dff000 r-xp 00000000 08:01 2109651                    /usr/lib/jvm/java-6-openjdk-amd64/jre/lib/amd64/libzip.so
7f7d33dff000-7f7d33ffe000 ---p 00007000 08:01 2109651                    /usr/lib/jvm/java-6-openjdk-amd64/jre/lib/amd64/libzip.so
7f7d33ffe000-7f7d33fff000 r--p 00006000 08:01 2109651                    /usr/lib/jvm/java-6-openjdk-amd64/jre/lib/amd64/libzip.so
7f7d33fff000-7f7d34000000 rw-p 00007000 08:01 2109651                    /usr/lib/jvm/java-6-openjdk-amd64/jre/lib/amd64/libzip.so
7f7d34000000-7f7d3407f000 rw-p 00000000 00:00 0 
7f7d3407f000-7f7d38000000 ---p 00000000 00:00 0 
7f7d38004000-7f7d38010000 r-xp 00000000 08:01 660567                     /lib/x86_64-linux-gnu/libnss_files-2.15.so
7f7d38010000-7f7d3820f000 ---p 0000c000 08:01 660567                     /lib/x86_64-linux-gnu/libnss_files-2.15.so
7f7d3820f000-7f7d38210000 r--p 0000b000 08:01 660567                     /lib/x86_64-linux-gnu/libnss_files-2.15.so
7f7d38210000-7f7d38211000 rw-p 0000c000 08:01 660567                     /lib/x86_64-linux-gnu/libnss_files-2.15.so
7f7d38211000-7f7d3821b000 r-xp 00000000 08:01 660537                     /lib/x86_64-linux-gnu/libnss_nis-2.15.so
7f7d3821b000-7f7d3841b000 ---p 0000a000 08:01 660537                     /lib/x86_64-linux-gnu/libnss_nis-2.15.so
7f7d3841b000-7f7d3841c000 r--p 0000a000 08:01 660537                     /lib/x86_64-linux-gnu/libnss_nis-2.15.so
7f7d3841c000-7f7d3841d000 rw-p 0000b000 08:01 660537                     /lib/x86_64-linux-gnu/libnss_nis-2.15.so
7f7d3841d000-7f7d38434000 r-xp 00000000 08:01 660770                     /lib/x86_64-linux-gnu/libnsl-2.15.so
7f7d38434000-7f7d38633000 ---p 00017000 08:01 660770                     /lib/x86_64-linux-gnu/libnsl-2.15.so
7f7d38633000-7f7d38634000 r--p 00016000 08:01 660770                     /lib/x86_64-linux-gnu/libnsl-2.15.so
7f7d38634000-7f7d38635000 rw-p 00017000 08:01 660770                     /lib/x86_64-linux-gnu/libnsl-2.15.so
7f7d38635000-7f7d38637000 rw-p 00000000 00:00 0 
7f7d38637000-7f7d3863f000 r-xp 00000000 08:01 660570                     /lib/x86_64-linux-gnu/libnss_compat-2.15.so
7f7d3863f000-7f7d3883e000 ---p 00008000 08:01 660570                     /lib/x86_64-linux-gnu/libnss_compat-2.15.so
7f7d3883e000-7f7d3883f000 r--p 00007000 08:01 660570                     /lib/x86_64-linux-gnu/libnss_compat-2.15.so
7f7d3883f000-7f7d38840000 rw-p 00008000 08:01 660570                     /lib/x86_64-linux-gnu/libnss_compat-2.15.so
7f7d38840000-7f7d3886c000 r-xp 00000000 08:01 2109611                    /usr/lib/jvm/java-6-openjdk-amd64/jre/lib/amd64/libjava.so
7f7d3886c000-7f7d38a6b000 ---p 0002c000 08:01 2109611                    /usr/lib/jvm/java-6-openjdk-amd64/jre/lib/amd64/libjava.so
7f7d38a6b000-7f7d38a6c000 r--p 0002b000 08:01 2109611                    /usr/lib/jvm/java-6-openjdk-amd64/jre/lib/amd64/libjava.so
7f7d38a6c000-7f7d38a6f000 rw-p 0002c000 08:01 2109611                    /usr/lib/jvm/java-6-openjdk-amd64/jre/lib/amd64/libjava.so
7f7d38a6f000-7f7d38a7d000 r-xp 00000000 08:01 2109631                    /usr/lib/jvm/java-6-openjdk-amd64/jre/lib/amd64/libverify.so
7f7d38a7d000-7f7d38c7c000 ---p 0000e000 08:01 2109631                    /usr/lib/jvm/java-6-openjdk-amd64/jre/lib/amd64/libverify.so
7f7d38c7c000-7f7d38c7e000 r--p 0000d000 08:01 2109631                    /usr/lib/jvm/java-6-openjdk-amd64/jre/lib/amd64/libverify.so
7f7d38c7e000-7f7d38c7f000 rw-p 0000f000 08:01 2109631                    /usr/lib/jvm/java-6-openjdk-amd64/jre/lib/amd64/libverify.so
7f7d38c7f000-7f7d38c86000 r-xp 00000000 08:01 660533                     /lib/x86_64-linux-gnu/librt-2.15.so
7f7d38c86000-7f7d38e85000 ---p 00007000 08:01 660533                     /lib/x86_64-linux-gnu/librt-2.15.so
7f7d38e85000-7f7d38e86000 r--p 00006000 08:01 660533                     /lib/x86_64-linux-gnu/librt-2.15.so
7f7d38e86000-7f7d38e87000 rw-p 00007000 08:01 660533                     /lib/x86_64-linux-gnu/librt-2.15.so
7f7d38e87000-7f7d38e9c000 r-xp 00000000 08:01 660507                     /lib/x86_64-linux-gnu/libgcc_s.so.1
7f7d38e9c000-7f7d3909b000 ---p 00015000 08:01 660507                     /lib/x86_64-linux-gnu/libgcc_s.so.1
7f7d3909b000-7f7d3909c000 r--p 00014000 08:01 660507                     /lib/x86_64-linux-gnu/libgcc_s.so.1
7f7d3909c000-7f7d3909d000 rw-p 00015000 08:01 660507                     /lib/x86_64-linux-gnu/libgcc_s.so.1
7f7d3909d000-7f7d39198000 r-xp 00000000 08:01 660557                     /lib/x86_64-linux-gnu/libm-2.15.so
7f7d39198000-7f7d39397000 ---p 000fb000 08:01 660557                     /lib/x86_64-linux-gnu/libm-2.15.so
7f7d39397000-7f7d39398000 r--p 000fa000 08:01 660557                     /lib/x86_64-linux-gnu/libm-2.15.so
7f7d39398000-7f7d39399000 rw-p 000fb000 08:01 660557                     /lib/x86_64-linux-gnu/libm-2.15.so
7f7d39399000-7f7d3947b000 r-xp 00000000 08:01 402465                     /usr/lib/x86_64-linux-gnu/libstdc++.so.6.0.16
7f7d3947b000-7f7d3967a000 ---p 000e2000 08:01 402465                     /usr/lib/x86_64-linux-gnu/libstdc++.so.6.0.16
7f7d3967a000-7f7d39682000 r--p 000e1000 08:01 402465                     /usr/lib/x86_64-linux-gnu/libstdc++.so.6.0.16
7f7d39682000-7f7d39684000 rw-p 000e9000 08:01 402465                     /usr/lib/x86_64-linux-gnu/libstdc++.so.6.0.16
7f7d39684000-7f7d39699000 rw-p 00000000 00:00 0 
7f7d39699000-7f7d39f9e000 r-xp 00000000 08:01 2109603                    /usr/lib/jvm/java-6-openjdk-amd64/jre/lib/amd64/server/libjvm.so
7f7d39f9e000-7f7d3a19e000 ---p 00905000 08:01 2109603                    /usr/lib/jvm/java-6-openjdk-amd64/jre/lib/amd64/server/libjvm.so
7f7d3a19e000-7f7d3a21e000 r--p 00905000 08:01 2109603                    /usr/lib/jvm/java-6-openjdk-amd64/jre/lib/amd64/server/libjvm.so
7f7d3a21e000-7f7d3a239000 rw-p 00985000 08:01 2109603                    /usr/lib/jvm/java-6-openjdk-amd64/jre/lib/amd64/server/libjvm.so
7f7d3a239000-7f7d3a262000 rw-p 00000000 00:00 0 
7f7d3a262000-7f7d3a278000 r-xp 00000000 08:01 660597                     /lib/x86_64-linux-gnu/libz.so.1.2.3.4
7f7d3a278000-7f7d3a477000 ---p 00016000 08:01 660597                     /lib/x86_64-linux-gnu/libz.so.1.2.3.4
7f7d3a477000-7f7d3a478000 r--p 00015000 08:01 660597                     /lib/x86_64-linux-gnu/libz.so.1.2.3.4
7f7d3a478000-7f7d3a479000 rw-p 00016000 08:01 660597                     /lib/x86_64-linux-gnu/libz.so.1.2.3.4
7f7d3a479000-7f7d3a62e000 r-xp 00000000 08:01 660494                     /lib/x86_64-linux-gnu/libc-2.15.so
7f7d3a62e000-7f7d3a82d000 ---p 001b5000 08:01 660494                     /lib/x86_64-linux-gnu/libc-2.15.so
7f7d3a82d000-7f7d3a831000 r--p 001b4000 08:01 660494                     /lib/x86_64-linux-gnu/libc-2.15.so
7f7d3a831000-7f7d3a833000 rw-p 001b8000 08:01 660494                     /lib/x86_64-linux-gnu/libc-2.15.so
7f7d3a833000-7f7d3a838000 rw-p 00000000 00:00 0 
7f7d3a838000-7f7d3a83a000 r-xp 00000000 08:01 660486                     /lib/x86_64-linux-gnu/libdl-2.15.so
7f7d3a83a000-7f7d3aa3a000 ---p 00002000 08:01 660486                     /lib/x86_64-linux-gnu/libdl-2.15.so
7f7d3aa3a000-7f7d3aa3b000 r--p 00002000 08:01 660486                     /lib/x86_64-linux-gnu/libdl-2.15.so
7f7d3aa3b000-7f7d3aa3c000 rw-p 00003000 08:01 660486                     /lib/x86_64-linux-gnu/libdl-2.15.so
7f7d3aa3c000-7f7d3aa40000 r-xp 00000000 08:01 2109613                    /usr/lib/jvm/java-6-openjdk-amd64/jre/lib/amd64/jli/libjli.so
7f7d3aa40000-7f7d3ac3f000 ---p 00004000 08:01 2109613                    /usr/lib/jvm/java-6-openjdk-amd64/jre/lib/amd64/jli/libjli.so
7f7d3ac3f000-7f7d3ac40000 r--p 00003000 08:01 2109613                    /usr/lib/jvm/java-6-openjdk-amd64/jre/lib/amd64/jli/libjli.so
7f7d3ac40000-7f7d3ac41000 rw-p 00004000 08:01 2109613                    /usr/lib/jvm/java-6-openjdk-amd64/jre/lib/amd64/jli/libjli.so
7f7d3ac41000-7f7d3ac59000 r-xp 00000000 08:01 660518                     /lib/x86_64-linux-gnu/libpthread-2.15.so
7f7d3ac59000-7f7d3ae58000 ---p 00018000 08:01 660518                     /lib/x86_64-linux-gnu/libpthread-2.15.so
7f7d3ae58000-7f7d3ae59000 r--p 00017000 08:01 660518                     /lib/x86_64-linux-gnu/libpthread-2.15.so
7f7d3ae59000-7f7d3ae5a000 rw-p 00018000 08:01 660518                     /lib/x86_64-linux-gnu/libpthread-2.15.so
7f7d3ae5a000-7f7d3ae5e000 rw-p 00000000 00:00 0 
7f7d3ae5e000-7f7d3ae80000 r-xp 00000000 08:01 660573                     /lib/x86_64-linux-gnu/ld-2.15.so
7f7d3ae96000-7f7d3aea0000 rw-p 00000000 00:00 0 
7f7d3aea0000-7f7d3af56000 rw-p 00000000 00:00 0 
7f7d3af56000-7f7d3af59000 ---p 00000000 00:00 0 
7f7d3af59000-7f7d3b05c000 rw-p 00000000 00:00 0 
7f7d3b074000-7f7d3b07c000 rw-s 00000000 08:01 279186                     /tmp/hsperfdata_white/5597
7f7d3b07c000-7f7d3b07d000 rw-p 00000000 00:00 0 
7f7d3b07d000-7f7d3b07e000 r--p 00000000 00:00 0 
7f7d3b07e000-7f7d3b080000 rw-p 00000000 00:00 0 
7f7d3b080000-7f7d3b081000 r--p 00022000 08:01 660573                     /lib/x86_64-linux-gnu/ld-2.15.so
7f7d3b081000-7f7d3b083000 rw-p 00023000 08:01 660573                     /lib/x86_64-linux-gnu/ld-2.15.so
7fff4c60c000-7fff4c62d000 rw-p 00000000 00:00 0                          [stack]
7fff4c69b000-7fff4c69c000 r-xp 00000000 00:00 0                          [vdso]
ffffffffff600000-ffffffffff601000 r-xp 00000000 00:00 0                  [vsyscall]

VM Arguments:
jvm_args: -Dfile.encoding=UTF-8 -Xbootclasspath:/home/white/files/android/devTools/android-sdk-linux/platforms/android-17/android.jar 
java_command: com.example.rhrsudoku.ExactCoverSolverTester
Launcher Type: SUN_STANDARD

Environment Variables:
CLASSPATH=/usr/share/java/qtjambi-4.7.0.jar:.
PATH=/usr/lib/lightdm/lightdm:/usr/local/sbin:/usr/local/bin:/usr/sbin:/usr/bin:/sbin:/bin:/usr/games:~/bin:~/bin
LD_LIBRARY_PATH=/usr/lib/jvm/java-6-openjdk-amd64/jre/lib/amd64/server:/usr/lib/jvm/java-6-openjdk-amd64/jre/lib/amd64:/usr/lib/jvm/java-6-openjdk-amd64/jre/../lib/amd64
SHELL=/bin/bash
DISPLAY=:0.0

Signal Handlers:
SIGSEGV: [libjvm.so+0x7852e0], sa_mask[0]=0x7ffbfeff, sa_flags=0x10000004
SIGBUS: [libjvm.so+0x7852e0], sa_mask[0]=0x7ffbfeff, sa_flags=0x10000004
SIGFPE: [libjvm.so+0x648d40], sa_mask[0]=0x7ffbfeff, sa_flags=0x10000004
SIGPIPE: [libjvm.so+0x648d40], sa_mask[0]=0x7ffbfeff, sa_flags=0x10000004
SIGXFSZ: [libjvm.so+0x648d40], sa_mask[0]=0x7ffbfeff, sa_flags=0x10000004
SIGILL: [libjvm.so+0x648d40], sa_mask[0]=0x7ffbfeff, sa_flags=0x10000004
SIGUSR1: SIG_DFL, sa_mask[0]=0x00000000, sa_flags=0x00000000
SIGUSR2: [libjvm.so+0x648ef0], sa_mask[0]=0x00000004, sa_flags=0x10000004
SIGHUP: SIG_DFL, sa_mask[0]=0x00000000, sa_flags=0x00000000
SIGINT: SIG_DFL, sa_mask[0]=0x00000000, sa_flags=0x00000000
SIGTERM: SIG_DFL, sa_mask[0]=0x00000000, sa_flags=0x00000000
SIGQUIT: SIG_DFL, sa_mask[0]=0x00000000, sa_flags=0x00000000


---------------  S Y S T E M  ---------------

OS:Ubuntu 12.04 (precise)
uname:Linux 3.2.0-36-generic #57-Ubuntu SMP Tue Jan 8 21:44:52 UTC 2013 x86_64
libc:glibc 2.15 NPTL 2.15 
rlimit: STACK 8192k, CORE 0k, NPROC 30403, NOFILE 4096, AS infinity
load average:0.16 0.32 0.32

/proc/meminfo:
MemTotal:        3909320 kB
MemFree:         1390664 kB
Buffers:          127864 kB
Cached:           753028 kB
SwapCached:            0 kB
Active:          1564404 kB
Inactive:         635084 kB
Active(anon):    1319380 kB
Inactive(anon):     2800 kB
Active(file):     245024 kB
Inactive(file):   632284 kB
Unevictable:           0 kB
Mlocked:               0 kB
SwapTotal:       1952764 kB
SwapFree:        1952764 kB
Dirty:               388 kB
Writeback:             0 kB
AnonPages:       1318948 kB
Mapped:           239512 kB
Shmem:              3576 kB
Slab:              71848 kB
SReclaimable:      44356 kB
SUnreclaim:        27492 kB
KernelStack:        3720 kB
PageTables:        29320 kB
NFS_Unstable:          0 kB
Bounce:                0 kB
WritebackTmp:          0 kB
CommitLimit:     3907424 kB
Committed_AS:    3773356 kB
VmallocTotal:   34359738367 kB
VmallocUsed:      304012 kB
VmallocChunk:   34359427776 kB
HardwareCorrupted:     0 kB
AnonHugePages:         0 kB
HugePages_Total:       0
HugePages_Free:        0
HugePages_Rsvd:        0
HugePages_Surp:        0
Hugepagesize:       2048 kB
DirectMap4k:      212992 kB
DirectMap2M:     3842048 kB


CPU:total 4 (2 cores per cpu, 2 threads per core) family 6 model 37 stepping 5, cmov, cx8, fxsr, mmx, sse, sse2, sse3, ssse3, sse4.1, sse4.2, popcnt, ht

Memory: 4k page, physical 3909320k(1390664k free), swap 1952764k(1952764k free)

vm_info: OpenJDK 64-Bit Server VM (20.0-b12) for linux-amd64 JRE (1.6.0_24-b24), built on Oct 24 2012 16:17:28 by "buildd" with gcc 4.6.3

time: Fri Feb  1 11:42:30 2013
elapsed time: 0 seconds

