#
# A fatal error has been detected by the Java Runtime Environment:
#
#  Internal Error (classFileParser.cpp:3494), pid=5641, tid=140593248065280
#  Error: ShouldNotReachHere()
#
# JRE version: 6.0_24-b24
# Java VM: OpenJDK 64-Bit Server VM (20.0-b12 mixed mode linux-amd64 compressed oops)
# Derivative: IcedTea6 1.11.5
# Distribution: Ubuntu 12.04 LTS, package 6b24-1.11.5-0ubuntu1~12.04.1
# If you would like to submit a bug report, please include
# instructions how to reproduce the bug and visit:
#   https://bugs.launchpad.net/ubuntu/+source/openjdk-6/
#

---------------  T H R E A D  ---------------

Current thread (0x00007fde64007800):  JavaThread "Unknown thread" [_thread_in_vm, id=5644, stack(0x00007fde6a8bd000,0x00007fde6a9be000)]

Stack: [0x00007fde6a8bd000,0x00007fde6a9be000],  sp=0x00007fde6a9bc080,  free space=1020k
Native frames: (J=compiled Java code, j=interpreted, Vv=VM code, C=native code)
V  [libjvm.so+0x7846a5]  VMError::report(outputStream*)+0x1255
V  [libjvm.so+0x784929]  VMError::report_and_die()+0x169
V  [libjvm.so+0x3bb5ea]  report_vm_error(char const*, int, char const*, char const*)+0x4a
V  [libjvm.so+0x351985]  ClassFileParser::parseClassFile(symbolHandle, Handle, Handle, KlassHandle, GrowableArray<Handle>*, symbolHandle&, bool, Thread*)+0x1545
V  [libjvm.so+0x355be3]  ClassLoader::load_classfile(symbolHandle, Thread*)+0x1f3
V  [libjvm.so+0x71c854]  SystemDictionary::load_instance_class(symbolHandle, Handle, Thread*)+0x354
V  [libjvm.so+0x71af60]  SystemDictionary::resolve_instance_class_or_null(symbolHandle, Handle, Handle, Thread*)+0x7c0
V  [libjvm.so+0x71cee3]  SystemDictionary::resolve_or_fail(symbolHandle, Handle, Handle, bool, Thread*)+0x33
V  [libjvm.so+0x71cfc4]  SystemDictionary::resolve_or_fail(symbolHandle, bool, Thread*)+0x14
V  [libjvm.so+0x71d070]  SystemDictionary::initialize_wk_klass(SystemDictionary::WKID, int, Thread*)+0xa0
V  [libjvm.so+0x71d0d9]  SystemDictionary::initialize_wk_klasses_until(SystemDictionary::WKID, SystemDictionary::WKID&, Thread*)+0x59
V  [libjvm.so+0x71d1d1]  SystemDictionary::initialize_preloaded_classes(Thread*)+0x71
V  [libjvm.so+0x760a5f]  Universe::genesis(Thread*)+0x11f
V  [libjvm.so+0x76140f]  universe2_init()+0x1f
V  [libjvm.so+0x474675]  init_globals()+0x95
V  [libjvm.so+0x74b38a]  Threads::create_vm(JavaVMInitArgs*, bool*)+0x1ea
V  [libjvm.so+0x4ce4d1]  JNI_CreateJavaVM+0x61
C  [java+0x317e]  JavaMain+0x7e


---------------  P R O C E S S  ---------------

Java Threads: ( => current thread )

Other Threads:

=>0x00007fde64007800 (exited) JavaThread "Unknown thread" [_thread_in_vm, id=5644, stack(0x00007fde6a8bd000,0x00007fde6a9be000)]

VM state:not at safepoint (not fully initialized)

VM Mutex/Monitor currently owned by a thread: None

Dynamic libraries:
00400000-00409000 r-xp 00000000 08:01 2119771                            /usr/lib/jvm/java-6-openjdk-amd64/jre/bin/java
00608000-00609000 r--p 00008000 08:01 2119771                            /usr/lib/jvm/java-6-openjdk-amd64/jre/bin/java
00609000-0060a000 rw-p 00009000 08:01 2119771                            /usr/lib/jvm/java-6-openjdk-amd64/jre/bin/java
00999000-009ba000 rw-p 00000000 00:00 0                                  [heap]
b9e00000-bb2c0000 rw-p 00000000 00:00 0 
bb2c0000-c4400000 rw-p 00000000 00:00 0 
c4400000-c6bd0000 rw-p 00000000 00:00 0 
c6bd0000-ec160000 rw-p 00000000 00:00 0 
ec160000-ed540000 rw-p 00000000 00:00 0 
ed540000-100000000 rw-p 00000000 00:00 0 
7fde40000000-7fde40021000 rw-p 00000000 00:00 0 
7fde40021000-7fde44000000 ---p 00000000 00:00 0 
7fde48000000-7fde48021000 rw-p 00000000 00:00 0 
7fde48021000-7fde4c000000 ---p 00000000 00:00 0 
7fde50000000-7fde50021000 rw-p 00000000 00:00 0 
7fde50021000-7fde54000000 ---p 00000000 00:00 0 
7fde58000000-7fde58021000 rw-p 00000000 00:00 0 
7fde58021000-7fde5c000000 ---p 00000000 00:00 0 
7fde5fe99000-7fde5ff5e000 r--s 0115c000 08:05 12206815                   /home/white/files/android/devTools/android-sdk-linux/platforms/android-17/android.jar
7fde5ff5e000-7fde5ff86000 rw-p 00000000 00:00 0 
7fde5ff86000-7fde5ff87000 ---p 00000000 00:00 0 
7fde5ff87000-7fde60087000 rw-p 00000000 00:00 0 
7fde60087000-7fde60088000 ---p 00000000 00:00 0 
7fde60088000-7fde60188000 rw-p 00000000 00:00 0 
7fde60188000-7fde60189000 ---p 00000000 00:00 0 
7fde60189000-7fde60289000 rw-p 00000000 00:00 0 
7fde60289000-7fde6028a000 ---p 00000000 00:00 0 
7fde6028a000-7fde60395000 rw-p 00000000 00:00 0 
7fde60395000-7fde603dd000 rw-p 00000000 00:00 0 
7fde603dd000-7fde603f1000 rw-p 00000000 00:00 0 
7fde603f1000-7fde6051b000 rw-p 00000000 00:00 0 
7fde6051b000-7fde60526000 rw-p 00000000 00:00 0 
7fde60526000-7fde605bb000 rw-p 00000000 00:00 0 
7fde605bb000-7fde605bc000 rw-p 00000000 00:00 0 
7fde605bc000-7fde6082c000 rwxp 00000000 00:00 0 
7fde6082c000-7fde635bc000 rw-p 00000000 00:00 0 
7fde635bc000-7fde635c3000 r-xp 00000000 08:01 2109651                    /usr/lib/jvm/java-6-openjdk-amd64/jre/lib/amd64/libzip.so
7fde635c3000-7fde637c2000 ---p 00007000 08:01 2109651                    /usr/lib/jvm/java-6-openjdk-amd64/jre/lib/amd64/libzip.so
7fde637c2000-7fde637c3000 r--p 00006000 08:01 2109651                    /usr/lib/jvm/java-6-openjdk-amd64/jre/lib/amd64/libzip.so
7fde637c3000-7fde637c4000 rw-p 00007000 08:01 2109651                    /usr/lib/jvm/java-6-openjdk-amd64/jre/lib/amd64/libzip.so
7fde637c4000-7fde637d0000 r-xp 00000000 08:01 660567                     /lib/x86_64-linux-gnu/libnss_files-2.15.so
7fde637d0000-7fde639cf000 ---p 0000c000 08:01 660567                     /lib/x86_64-linux-gnu/libnss_files-2.15.so
7fde639cf000-7fde639d0000 r--p 0000b000 08:01 660567                     /lib/x86_64-linux-gnu/libnss_files-2.15.so
7fde639d0000-7fde639d1000 rw-p 0000c000 08:01 660567                     /lib/x86_64-linux-gnu/libnss_files-2.15.so
7fde639d1000-7fde639db000 r-xp 00000000 08:01 660537                     /lib/x86_64-linux-gnu/libnss_nis-2.15.so
7fde639db000-7fde63bdb000 ---p 0000a000 08:01 660537                     /lib/x86_64-linux-gnu/libnss_nis-2.15.so
7fde63bdb000-7fde63bdc000 r--p 0000a000 08:01 660537                     /lib/x86_64-linux-gnu/libnss_nis-2.15.so
7fde63bdc000-7fde63bdd000 rw-p 0000b000 08:01 660537                     /lib/x86_64-linux-gnu/libnss_nis-2.15.so
7fde63bdd000-7fde63bf4000 r-xp 00000000 08:01 660770                     /lib/x86_64-linux-gnu/libnsl-2.15.so
7fde63bf4000-7fde63df3000 ---p 00017000 08:01 660770                     /lib/x86_64-linux-gnu/libnsl-2.15.so
7fde63df3000-7fde63df4000 r--p 00016000 08:01 660770                     /lib/x86_64-linux-gnu/libnsl-2.15.so
7fde63df4000-7fde63df5000 rw-p 00017000 08:01 660770                     /lib/x86_64-linux-gnu/libnsl-2.15.so
7fde63df5000-7fde63df7000 rw-p 00000000 00:00 0 
7fde63df7000-7fde63dff000 r-xp 00000000 08:01 660570                     /lib/x86_64-linux-gnu/libnss_compat-2.15.so
7fde63dff000-7fde63ffe000 ---p 00008000 08:01 660570                     /lib/x86_64-linux-gnu/libnss_compat-2.15.so
7fde63ffe000-7fde63fff000 r--p 00007000 08:01 660570                     /lib/x86_64-linux-gnu/libnss_compat-2.15.so
7fde63fff000-7fde64000000 rw-p 00008000 08:01 660570                     /lib/x86_64-linux-gnu/libnss_compat-2.15.so
7fde64000000-7fde6407f000 rw-p 00000000 00:00 0 
7fde6407f000-7fde68000000 ---p 00000000 00:00 0 
7fde68015000-7fde68020000 rw-p 00000000 00:00 0 
7fde68020000-7fde68068000 rw-p 00000000 00:00 0 
7fde68068000-7fde6807c000 rw-p 00000000 00:00 0 
7fde6807c000-7fde681a7000 rw-p 00000000 00:00 0 
7fde681a7000-7fde681d3000 r-xp 00000000 08:01 2109611                    /usr/lib/jvm/java-6-openjdk-amd64/jre/lib/amd64/libjava.so
7fde681d3000-7fde683d2000 ---p 0002c000 08:01 2109611                    /usr/lib/jvm/java-6-openjdk-amd64/jre/lib/amd64/libjava.so
7fde683d2000-7fde683d3000 r--p 0002b000 08:01 2109611                    /usr/lib/jvm/java-6-openjdk-amd64/jre/lib/amd64/libjava.so
7fde683d3000-7fde683d6000 rw-p 0002c000 08:01 2109611                    /usr/lib/jvm/java-6-openjdk-amd64/jre/lib/amd64/libjava.so
7fde683d6000-7fde683e4000 r-xp 00000000 08:01 2109631                    /usr/lib/jvm/java-6-openjdk-amd64/jre/lib/amd64/libverify.so
7fde683e4000-7fde685e3000 ---p 0000e000 08:01 2109631                    /usr/lib/jvm/java-6-openjdk-amd64/jre/lib/amd64/libverify.so
7fde685e3000-7fde685e5000 r--p 0000d000 08:01 2109631                    /usr/lib/jvm/java-6-openjdk-amd64/jre/lib/amd64/libverify.so
7fde685e5000-7fde685e6000 rw-p 0000f000 08:01 2109631                    /usr/lib/jvm/java-6-openjdk-amd64/jre/lib/amd64/libverify.so
7fde685e6000-7fde685ed000 r-xp 00000000 08:01 660533                     /lib/x86_64-linux-gnu/librt-2.15.so
7fde685ed000-7fde687ec000 ---p 00007000 08:01 660533                     /lib/x86_64-linux-gnu/librt-2.15.so
7fde687ec000-7fde687ed000 r--p 00006000 08:01 660533                     /lib/x86_64-linux-gnu/librt-2.15.so
7fde687ed000-7fde687ee000 rw-p 00007000 08:01 660533                     /lib/x86_64-linux-gnu/librt-2.15.so
7fde687ee000-7fde68803000 r-xp 00000000 08:01 660507                     /lib/x86_64-linux-gnu/libgcc_s.so.1
7fde68803000-7fde68a02000 ---p 00015000 08:01 660507                     /lib/x86_64-linux-gnu/libgcc_s.so.1
7fde68a02000-7fde68a03000 r--p 00014000 08:01 660507                     /lib/x86_64-linux-gnu/libgcc_s.so.1
7fde68a03000-7fde68a04000 rw-p 00015000 08:01 660507                     /lib/x86_64-linux-gnu/libgcc_s.so.1
7fde68a04000-7fde68aff000 r-xp 00000000 08:01 660557                     /lib/x86_64-linux-gnu/libm-2.15.so
7fde68aff000-7fde68cfe000 ---p 000fb000 08:01 660557                     /lib/x86_64-linux-gnu/libm-2.15.so
7fde68cfe000-7fde68cff000 r--p 000fa000 08:01 660557                     /lib/x86_64-linux-gnu/libm-2.15.so
7fde68cff000-7fde68d00000 rw-p 000fb000 08:01 660557                     /lib/x86_64-linux-gnu/libm-2.15.so
7fde68d00000-7fde68de2000 r-xp 00000000 08:01 402465                     /usr/lib/x86_64-linux-gnu/libstdc++.so.6.0.16
7fde68de2000-7fde68fe1000 ---p 000e2000 08:01 402465                     /usr/lib/x86_64-linux-gnu/libstdc++.so.6.0.16
7fde68fe1000-7fde68fe9000 r--p 000e1000 08:01 402465                     /usr/lib/x86_64-linux-gnu/libstdc++.so.6.0.16
7fde68fe9000-7fde68feb000 rw-p 000e9000 08:01 402465                     /usr/lib/x86_64-linux-gnu/libstdc++.so.6.0.16
7fde68feb000-7fde69000000 rw-p 00000000 00:00 0 
7fde69000000-7fde69905000 r-xp 00000000 08:01 2109603                    /usr/lib/jvm/java-6-openjdk-amd64/jre/lib/amd64/server/libjvm.so
7fde69905000-7fde69b05000 ---p 00905000 08:01 2109603                    /usr/lib/jvm/java-6-openjdk-amd64/jre/lib/amd64/server/libjvm.so
7fde69b05000-7fde69b85000 r--p 00905000 08:01 2109603                    /usr/lib/jvm/java-6-openjdk-amd64/jre/lib/amd64/server/libjvm.so
7fde69b85000-7fde69ba0000 rw-p 00985000 08:01 2109603                    /usr/lib/jvm/java-6-openjdk-amd64/jre/lib/amd64/server/libjvm.so
7fde69ba0000-7fde69bc9000 rw-p 00000000 00:00 0 
7fde69bc9000-7fde69bdf000 r-xp 00000000 08:01 660597                     /lib/x86_64-linux-gnu/libz.so.1.2.3.4
7fde69bdf000-7fde69dde000 ---p 00016000 08:01 660597                     /lib/x86_64-linux-gnu/libz.so.1.2.3.4
7fde69dde000-7fde69ddf000 r--p 00015000 08:01 660597                     /lib/x86_64-linux-gnu/libz.so.1.2.3.4
7fde69ddf000-7fde69de0000 rw-p 00016000 08:01 660597                     /lib/x86_64-linux-gnu/libz.so.1.2.3.4
7fde69de0000-7fde69f95000 r-xp 00000000 08:01 660494                     /lib/x86_64-linux-gnu/libc-2.15.so
7fde69f95000-7fde6a194000 ---p 001b5000 08:01 660494                     /lib/x86_64-linux-gnu/libc-2.15.so
7fde6a194000-7fde6a198000 r--p 001b4000 08:01 660494                     /lib/x86_64-linux-gnu/libc-2.15.so
7fde6a198000-7fde6a19a000 rw-p 001b8000 08:01 660494                     /lib/x86_64-linux-gnu/libc-2.15.so
7fde6a19a000-7fde6a19f000 rw-p 00000000 00:00 0 
7fde6a19f000-7fde6a1a1000 r-xp 00000000 08:01 660486                     /lib/x86_64-linux-gnu/libdl-2.15.so
7fde6a1a1000-7fde6a3a1000 ---p 00002000 08:01 660486                     /lib/x86_64-linux-gnu/libdl-2.15.so
7fde6a3a1000-7fde6a3a2000 r--p 00002000 08:01 660486                     /lib/x86_64-linux-gnu/libdl-2.15.so
7fde6a3a2000-7fde6a3a3000 rw-p 00003000 08:01 660486                     /lib/x86_64-linux-gnu/libdl-2.15.so
7fde6a3a3000-7fde6a3a7000 r-xp 00000000 08:01 2109613                    /usr/lib/jvm/java-6-openjdk-amd64/jre/lib/amd64/jli/libjli.so
7fde6a3a7000-7fde6a5a6000 ---p 00004000 08:01 2109613                    /usr/lib/jvm/java-6-openjdk-amd64/jre/lib/amd64/jli/libjli.so
7fde6a5a6000-7fde6a5a7000 r--p 00003000 08:01 2109613                    /usr/lib/jvm/java-6-openjdk-amd64/jre/lib/amd64/jli/libjli.so
7fde6a5a7000-7fde6a5a8000 rw-p 00004000 08:01 2109613                    /usr/lib/jvm/java-6-openjdk-amd64/jre/lib/amd64/jli/libjli.so
7fde6a5a8000-7fde6a5c0000 r-xp 00000000 08:01 660518                     /lib/x86_64-linux-gnu/libpthread-2.15.so
7fde6a5c0000-7fde6a7bf000 ---p 00018000 08:01 660518                     /lib/x86_64-linux-gnu/libpthread-2.15.so
7fde6a7bf000-7fde6a7c0000 r--p 00017000 08:01 660518                     /lib/x86_64-linux-gnu/libpthread-2.15.so
7fde6a7c0000-7fde6a7c1000 rw-p 00018000 08:01 660518                     /lib/x86_64-linux-gnu/libpthread-2.15.so
7fde6a7c1000-7fde6a7c5000 rw-p 00000000 00:00 0 
7fde6a7c5000-7fde6a7e7000 r-xp 00000000 08:01 660573                     /lib/x86_64-linux-gnu/ld-2.15.so
7fde6a7fd000-7fde6a807000 rw-p 00000000 00:00 0 
7fde6a807000-7fde6a8bd000 rw-p 00000000 00:00 0 
7fde6a8bd000-7fde6a8c0000 ---p 00000000 00:00 0 
7fde6a8c0000-7fde6a9c3000 rw-p 00000000 00:00 0 
7fde6a9db000-7fde6a9e3000 rw-s 00000000 08:01 279186                     /tmp/hsperfdata_white/5641
7fde6a9e3000-7fde6a9e4000 rw-p 00000000 00:00 0 
7fde6a9e4000-7fde6a9e5000 r--p 00000000 00:00 0 
7fde6a9e5000-7fde6a9e7000 rw-p 00000000 00:00 0 
7fde6a9e7000-7fde6a9e8000 r--p 00022000 08:01 660573                     /lib/x86_64-linux-gnu/ld-2.15.so
7fde6a9e8000-7fde6a9ea000 rw-p 00023000 08:01 660573                     /lib/x86_64-linux-gnu/ld-2.15.so
7fffd7d04000-7fffd7d25000 rw-p 00000000 00:00 0                          [stack]
7fffd7dff000-7fffd7e00000 r-xp 00000000 00:00 0                          [vdso]
ffffffffff600000-ffffffffff601000 r-xp 00000000 00:00 0                  [vsyscall]

VM Arguments:
jvm_args: -Dfile.encoding=UTF-8 -Xbootclasspath:/home/white/files/android/devTools/android-sdk-linux/platforms/android-17/android.jar 
java_command: com.example.rhrsudoku.ExactCoverSolverTester
Launcher Type: SUN_STANDARD

Environment Variables:
CLASSPATH=/usr/share/java/qtjambi-4.7.0.jar:.
PATH=/usr/lib/lightdm/lightdm:/usr/local/sbin:/usr/local/bin:/usr/sbin:/usr/bin:/sbin:/bin:/usr/games:~/bin:~/bin
LD_LIBRARY_PATH=/usr/lib/jvm/java-6-openjdk-amd64/jre/lib/amd64/server:/usr/lib/jvm/java-6-openjdk-amd64/jre/lib/amd64:/usr/lib/jvm/java-6-openjdk-amd64/jre/../lib/amd64
SHELL=/bin/bash
DISPLAY=:0.0

Signal Handlers:
SIGSEGV: [libjvm.so+0x7852e0], sa_mask[0]=0x7ffbfeff, sa_flags=0x10000004
SIGBUS: [libjvm.so+0x7852e0], sa_mask[0]=0x7ffbfeff, sa_flags=0x10000004
SIGFPE: [libjvm.so+0x648d40], sa_mask[0]=0x7ffbfeff, sa_flags=0x10000004
SIGPIPE: [libjvm.so+0x648d40], sa_mask[0]=0x7ffbfeff, sa_flags=0x10000004
SIGXFSZ: [libjvm.so+0x648d40], sa_mask[0]=0x7ffbfeff, sa_flags=0x10000004
SIGILL: [libjvm.so+0x648d40], sa_mask[0]=0x7ffbfeff, sa_flags=0x10000004
SIGUSR1: SIG_DFL, sa_mask[0]=0x00000000, sa_flags=0x00000000
SIGUSR2: [libjvm.so+0x648ef0], sa_mask[0]=0x00000004, sa_flags=0x10000004
SIGHUP: SIG_DFL, sa_mask[0]=0x00000000, sa_flags=0x00000000
SIGINT: SIG_DFL, sa_mask[0]=0x00000000, sa_flags=0x00000000
SIGTERM: SIG_DFL, sa_mask[0]=0x00000000, sa_flags=0x00000000
SIGQUIT: SIG_DFL, sa_mask[0]=0x00000000, sa_flags=0x00000000


---------------  S Y S T E M  ---------------

OS:Ubuntu 12.04 (precise)
uname:Linux 3.2.0-36-generic #57-Ubuntu SMP Tue Jan 8 21:44:52 UTC 2013 x86_64
libc:glibc 2.15 NPTL 2.15 
rlimit: STACK 8192k, CORE 0k, NPROC 30403, NOFILE 4096, AS infinity
load average:0.21 0.32 0.32

/proc/meminfo:
MemTotal:        3909320 kB
MemFree:         1387748 kB
Buffers:          127884 kB
Cached:           753096 kB
SwapCached:            0 kB
Active:          1566724 kB
Inactive:         635156 kB
Active(anon):    1321668 kB
Inactive(anon):     2800 kB
Active(file):     245056 kB
Inactive(file):   632356 kB
Unevictable:           0 kB
Mlocked:               0 kB
SwapTotal:       1952764 kB
SwapFree:        1952764 kB
Dirty:               280 kB
Writeback:             0 kB
AnonPages:       1321092 kB
Mapped:           237408 kB
Shmem:              3576 kB
Slab:              71840 kB
SReclaimable:      44372 kB
SUnreclaim:        27468 kB
KernelStack:        3760 kB
PageTables:        29328 kB
NFS_Unstable:          0 kB
Bounce:                0 kB
WritebackTmp:          0 kB
CommitLimit:     3907424 kB
Committed_AS:    3776396 kB
VmallocTotal:   34359738367 kB
VmallocUsed:      304012 kB
VmallocChunk:   34359427776 kB
HardwareCorrupted:     0 kB
AnonHugePages:         0 kB
HugePages_Total:       0
HugePages_Free:        0
HugePages_Rsvd:        0
HugePages_Surp:        0
Hugepagesize:       2048 kB
DirectMap4k:      212992 kB
DirectMap2M:     3842048 kB


CPU:total 4 (2 cores per cpu, 2 threads per core) family 6 model 37 stepping 5, cmov, cx8, fxsr, mmx, sse, sse2, sse3, ssse3, sse4.1, sse4.2, popcnt, ht

Memory: 4k page, physical 3909320k(1387748k free), swap 1952764k(1952764k free)

vm_info: OpenJDK 64-Bit Server VM (20.0-b12) for linux-amd64 JRE (1.6.0_24-b24), built on Oct 24 2012 16:17:28 by "buildd" with gcc 4.6.3

time: Fri Feb  1 11:42:40 2013
elapsed time: 0 seconds

