#
# A fatal error has been detected by the Java Runtime Environment:
#
#  Internal Error (classFileParser.cpp:3494), pid=6637, tid=140148588246784
#  Error: ShouldNotReachHere()
#
# JRE version: 6.0_24-b24
# Java VM: OpenJDK 64-Bit Server VM (20.0-b12 mixed mode linux-amd64 compressed oops)
# Derivative: IcedTea6 1.11.5
# Distribution: Ubuntu 12.04 LTS, package 6b24-1.11.5-0ubuntu1~12.04.1
# If you would like to submit a bug report, please include
# instructions how to reproduce the bug and visit:
#   https://bugs.launchpad.net/ubuntu/+source/openjdk-6/
#

---------------  T H R E A D  ---------------

Current thread (0x00007f76dc007800):  JavaThread "Unknown thread" [_thread_in_vm, id=6642, stack(0x00007f76e2c17000,0x00007f76e2d18000)]

Stack: [0x00007f76e2c17000,0x00007f76e2d18000],  sp=0x00007f76e2d16080,  free space=1020k
Native frames: (J=compiled Java code, j=interpreted, Vv=VM code, C=native code)
V  [libjvm.so+0x7846a5]  VMError::report(outputStream*)+0x1255
V  [libjvm.so+0x784929]  VMError::report_and_die()+0x169
V  [libjvm.so+0x3bb5ea]  report_vm_error(char const*, int, char const*, char const*)+0x4a
V  [libjvm.so+0x351985]  ClassFileParser::parseClassFile(symbolHandle, Handle, Handle, KlassHandle, GrowableArray<Handle>*, symbolHandle&, bool, Thread*)+0x1545
V  [libjvm.so+0x355be3]  ClassLoader::load_classfile(symbolHandle, Thread*)+0x1f3
V  [libjvm.so+0x71c854]  SystemDictionary::load_instance_class(symbolHandle, Handle, Thread*)+0x354
V  [libjvm.so+0x71af60]  SystemDictionary::resolve_instance_class_or_null(symbolHandle, Handle, Handle, Thread*)+0x7c0
V  [libjvm.so+0x71cee3]  SystemDictionary::resolve_or_fail(symbolHandle, Handle, Handle, bool, Thread*)+0x33
V  [libjvm.so+0x71cfc4]  SystemDictionary::resolve_or_fail(symbolHandle, bool, Thread*)+0x14
V  [libjvm.so+0x71d070]  SystemDictionary::initialize_wk_klass(SystemDictionary::WKID, int, Thread*)+0xa0
V  [libjvm.so+0x71d0d9]  SystemDictionary::initialize_wk_klasses_until(SystemDictionary::WKID, SystemDictionary::WKID&, Thread*)+0x59
V  [libjvm.so+0x71d1d1]  SystemDictionary::initialize_preloaded_classes(Thread*)+0x71
V  [libjvm.so+0x760a5f]  Universe::genesis(Thread*)+0x11f
V  [libjvm.so+0x76140f]  universe2_init()+0x1f
V  [libjvm.so+0x474675]  init_globals()+0x95
V  [libjvm.so+0x74b38a]  Threads::create_vm(JavaVMInitArgs*, bool*)+0x1ea
V  [libjvm.so+0x4ce4d1]  JNI_CreateJavaVM+0x61
C  [java+0x317e]  JavaMain+0x7e


---------------  P R O C E S S  ---------------

Java Threads: ( => current thread )

Other Threads:

=>0x00007f76dc007800 (exited) JavaThread "Unknown thread" [_thread_in_vm, id=6642, stack(0x00007f76e2c17000,0x00007f76e2d18000)]

VM state:not at safepoint (not fully initialized)

VM Mutex/Monitor currently owned by a thread: None

Dynamic libraries:
00400000-00409000 r-xp 00000000 08:01 2119771                            /usr/lib/jvm/java-6-openjdk-amd64/jre/bin/java
00608000-00609000 r--p 00008000 08:01 2119771                            /usr/lib/jvm/java-6-openjdk-amd64/jre/bin/java
00609000-0060a000 rw-p 00009000 08:01 2119771                            /usr/lib/jvm/java-6-openjdk-amd64/jre/bin/java
00c14000-00c35000 rw-p 00000000 00:00 0                                  [heap]
b9e00000-bb2c0000 rw-p 00000000 00:00 0 
bb2c0000-c4400000 rw-p 00000000 00:00 0 
c4400000-c6bd0000 rw-p 00000000 00:00 0 
c6bd0000-ec160000 rw-p 00000000 00:00 0 
ec160000-ed540000 rw-p 00000000 00:00 0 
ed540000-100000000 rw-p 00000000 00:00 0 
7f76bc000000-7f76bc021000 rw-p 00000000 00:00 0 
7f76bc021000-7f76c0000000 ---p 00000000 00:00 0 
7f76c4000000-7f76c4021000 rw-p 00000000 00:00 0 
7f76c4021000-7f76c8000000 ---p 00000000 00:00 0 
7f76cc000000-7f76cc021000 rw-p 00000000 00:00 0 
7f76cc021000-7f76d0000000 ---p 00000000 00:00 0 
7f76d4000000-7f76d4021000 rw-p 00000000 00:00 0 
7f76d4021000-7f76d8000000 ---p 00000000 00:00 0 
7f76d81a5000-7f76d826a000 r--s 0115c000 08:05 12206815                   /home/white/files/android/devTools/android-sdk-linux/platforms/android-17/android.jar
7f76d826a000-7f76d826b000 ---p 00000000 00:00 0 
7f76d826b000-7f76d836b000 rw-p 00000000 00:00 0 
7f76d836b000-7f76d836c000 ---p 00000000 00:00 0 
7f76d836c000-7f76d846c000 rw-p 00000000 00:00 0 
7f76d846c000-7f76d846d000 ---p 00000000 00:00 0 
7f76d846d000-7f76d856d000 rw-p 00000000 00:00 0 
7f76d856d000-7f76d856e000 ---p 00000000 00:00 0 
7f76d856e000-7f76d8682000 rw-p 00000000 00:00 0 
7f76d8682000-7f76d87ad000 rw-p 00000000 00:00 0 
7f76d87ad000-7f76d87b8000 rw-p 00000000 00:00 0 
7f76d87b8000-7f76d8800000 rw-p 00000000 00:00 0 
7f76d8800000-7f76d8814000 rw-p 00000000 00:00 0 
7f76d8814000-7f76d893e000 rw-p 00000000 00:00 0 
7f76d893e000-7f76d8949000 rw-p 00000000 00:00 0 
7f76d8949000-7f76d89de000 rw-p 00000000 00:00 0 
7f76d89de000-7f76d89df000 rw-p 00000000 00:00 0 
7f76d89df000-7f76d8c4f000 rwxp 00000000 00:00 0 
7f76d8c4f000-7f76db9df000 rw-p 00000000 00:00 0 
7f76db9df000-7f76db9e6000 r-xp 00000000 08:01 2109651                    /usr/lib/jvm/java-6-openjdk-amd64/jre/lib/amd64/libzip.so
7f76db9e6000-7f76dbbe5000 ---p 00007000 08:01 2109651                    /usr/lib/jvm/java-6-openjdk-amd64/jre/lib/amd64/libzip.so
7f76dbbe5000-7f76dbbe6000 r--p 00006000 08:01 2109651                    /usr/lib/jvm/java-6-openjdk-amd64/jre/lib/amd64/libzip.so
7f76dbbe6000-7f76dbbe7000 rw-p 00007000 08:01 2109651                    /usr/lib/jvm/java-6-openjdk-amd64/jre/lib/amd64/libzip.so
7f76dbbe7000-7f76dbbf3000 r-xp 00000000 08:01 660567                     /lib/x86_64-linux-gnu/libnss_files-2.15.so
7f76dbbf3000-7f76dbdf2000 ---p 0000c000 08:01 660567                     /lib/x86_64-linux-gnu/libnss_files-2.15.so
7f76dbdf2000-7f76dbdf3000 r--p 0000b000 08:01 660567                     /lib/x86_64-linux-gnu/libnss_files-2.15.so
7f76dbdf3000-7f76dbdf4000 rw-p 0000c000 08:01 660567                     /lib/x86_64-linux-gnu/libnss_files-2.15.so
7f76dbdf4000-7f76dbdfe000 r-xp 00000000 08:01 660537                     /lib/x86_64-linux-gnu/libnss_nis-2.15.so
7f76dbdfe000-7f76dbffe000 ---p 0000a000 08:01 660537                     /lib/x86_64-linux-gnu/libnss_nis-2.15.so
7f76dbffe000-7f76dbfff000 r--p 0000a000 08:01 660537                     /lib/x86_64-linux-gnu/libnss_nis-2.15.so
7f76dbfff000-7f76dc000000 rw-p 0000b000 08:01 660537                     /lib/x86_64-linux-gnu/libnss_nis-2.15.so
7f76dc000000-7f76dc07f000 rw-p 00000000 00:00 0 
7f76dc07f000-7f76e0000000 ---p 00000000 00:00 0 
7f76e0063000-7f76e0096000 rw-p 00000000 00:00 0 
7f76e0096000-7f76e00de000 rw-p 00000000 00:00 0 
7f76e00de000-7f76e00f5000 r-xp 00000000 08:01 660770                     /lib/x86_64-linux-gnu/libnsl-2.15.so
7f76e00f5000-7f76e02f4000 ---p 00017000 08:01 660770                     /lib/x86_64-linux-gnu/libnsl-2.15.so
7f76e02f4000-7f76e02f5000 r--p 00016000 08:01 660770                     /lib/x86_64-linux-gnu/libnsl-2.15.so
7f76e02f5000-7f76e02f6000 rw-p 00017000 08:01 660770                     /lib/x86_64-linux-gnu/libnsl-2.15.so
7f76e02f6000-7f76e02f8000 rw-p 00000000 00:00 0 
7f76e02f8000-7f76e0300000 r-xp 00000000 08:01 660570                     /lib/x86_64-linux-gnu/libnss_compat-2.15.so
7f76e0300000-7f76e04ff000 ---p 00008000 08:01 660570                     /lib/x86_64-linux-gnu/libnss_compat-2.15.so
7f76e04ff000-7f76e0500000 r--p 00007000 08:01 660570                     /lib/x86_64-linux-gnu/libnss_compat-2.15.so
7f76e0500000-7f76e0501000 rw-p 00008000 08:01 660570                     /lib/x86_64-linux-gnu/libnss_compat-2.15.so
7f76e0501000-7f76e052d000 r-xp 00000000 08:01 2109611                    /usr/lib/jvm/java-6-openjdk-amd64/jre/lib/amd64/libjava.so
7f76e052d000-7f76e072c000 ---p 0002c000 08:01 2109611                    /usr/lib/jvm/java-6-openjdk-amd64/jre/lib/amd64/libjava.so
7f76e072c000-7f76e072d000 r--p 0002b000 08:01 2109611                    /usr/lib/jvm/java-6-openjdk-amd64/jre/lib/amd64/libjava.so
7f76e072d000-7f76e0730000 rw-p 0002c000 08:01 2109611                    /usr/lib/jvm/java-6-openjdk-amd64/jre/lib/amd64/libjava.so
7f76e0730000-7f76e073e000 r-xp 00000000 08:01 2109631                    /usr/lib/jvm/java-6-openjdk-amd64/jre/lib/amd64/libverify.so
7f76e073e000-7f76e093d000 ---p 0000e000 08:01 2109631                    /usr/lib/jvm/java-6-openjdk-amd64/jre/lib/amd64/libverify.so
7f76e093d000-7f76e093f000 r--p 0000d000 08:01 2109631                    /usr/lib/jvm/java-6-openjdk-amd64/jre/lib/amd64/libverify.so
7f76e093f000-7f76e0940000 rw-p 0000f000 08:01 2109631                    /usr/lib/jvm/java-6-openjdk-amd64/jre/lib/amd64/libverify.so
7f76e0940000-7f76e0947000 r-xp 00000000 08:01 660533                     /lib/x86_64-linux-gnu/librt-2.15.so
7f76e0947000-7f76e0b46000 ---p 00007000 08:01 660533                     /lib/x86_64-linux-gnu/librt-2.15.so
7f76e0b46000-7f76e0b47000 r--p 00006000 08:01 660533                     /lib/x86_64-linux-gnu/librt-2.15.so
7f76e0b47000-7f76e0b48000 rw-p 00007000 08:01 660533                     /lib/x86_64-linux-gnu/librt-2.15.so
7f76e0b48000-7f76e0b5d000 r-xp 00000000 08:01 660507                     /lib/x86_64-linux-gnu/libgcc_s.so.1
7f76e0b5d000-7f76e0d5c000 ---p 00015000 08:01 660507                     /lib/x86_64-linux-gnu/libgcc_s.so.1
7f76e0d5c000-7f76e0d5d000 r--p 00014000 08:01 660507                     /lib/x86_64-linux-gnu/libgcc_s.so.1
7f76e0d5d000-7f76e0d5e000 rw-p 00015000 08:01 660507                     /lib/x86_64-linux-gnu/libgcc_s.so.1
7f76e0d5e000-7f76e0e59000 r-xp 00000000 08:01 660557                     /lib/x86_64-linux-gnu/libm-2.15.so
7f76e0e59000-7f76e1058000 ---p 000fb000 08:01 660557                     /lib/x86_64-linux-gnu/libm-2.15.so
7f76e1058000-7f76e1059000 r--p 000fa000 08:01 660557                     /lib/x86_64-linux-gnu/libm-2.15.so
7f76e1059000-7f76e105a000 rw-p 000fb000 08:01 660557                     /lib/x86_64-linux-gnu/libm-2.15.so
7f76e105a000-7f76e113c000 r-xp 00000000 08:01 402465                     /usr/lib/x86_64-linux-gnu/libstdc++.so.6.0.16
7f76e113c000-7f76e133b000 ---p 000e2000 08:01 402465                     /usr/lib/x86_64-linux-gnu/libstdc++.so.6.0.16
7f76e133b000-7f76e1343000 r--p 000e1000 08:01 402465                     /usr/lib/x86_64-linux-gnu/libstdc++.so.6.0.16
7f76e1343000-7f76e1345000 rw-p 000e9000 08:01 402465                     /usr/lib/x86_64-linux-gnu/libstdc++.so.6.0.16
7f76e1345000-7f76e135a000 rw-p 00000000 00:00 0 
7f76e135a000-7f76e1c5f000 r-xp 00000000 08:01 2109603                    /usr/lib/jvm/java-6-openjdk-amd64/jre/lib/amd64/server/libjvm.so
7f76e1c5f000-7f76e1e5f000 ---p 00905000 08:01 2109603                    /usr/lib/jvm/java-6-openjdk-amd64/jre/lib/amd64/server/libjvm.so
7f76e1e5f000-7f76e1edf000 r--p 00905000 08:01 2109603                    /usr/lib/jvm/java-6-openjdk-amd64/jre/lib/amd64/server/libjvm.so
7f76e1edf000-7f76e1efa000 rw-p 00985000 08:01 2109603                    /usr/lib/jvm/java-6-openjdk-amd64/jre/lib/amd64/server/libjvm.so
7f76e1efa000-7f76e1f23000 rw-p 00000000 00:00 0 
7f76e1f23000-7f76e1f39000 r-xp 00000000 08:01 660597                     /lib/x86_64-linux-gnu/libz.so.1.2.3.4
7f76e1f39000-7f76e2138000 ---p 00016000 08:01 660597                     /lib/x86_64-linux-gnu/libz.so.1.2.3.4
7f76e2138000-7f76e2139000 r--p 00015000 08:01 660597                     /lib/x86_64-linux-gnu/libz.so.1.2.3.4
7f76e2139000-7f76e213a000 rw-p 00016000 08:01 660597                     /lib/x86_64-linux-gnu/libz.so.1.2.3.4
7f76e213a000-7f76e22ef000 r-xp 00000000 08:01 660494                     /lib/x86_64-linux-gnu/libc-2.15.so
7f76e22ef000-7f76e24ee000 ---p 001b5000 08:01 660494                     /lib/x86_64-linux-gnu/libc-2.15.so
7f76e24ee000-7f76e24f2000 r--p 001b4000 08:01 660494                     /lib/x86_64-linux-gnu/libc-2.15.so
7f76e24f2000-7f76e24f4000 rw-p 001b8000 08:01 660494                     /lib/x86_64-linux-gnu/libc-2.15.so
7f76e24f4000-7f76e24f9000 rw-p 00000000 00:00 0 
7f76e24f9000-7f76e24fb000 r-xp 00000000 08:01 660486                     /lib/x86_64-linux-gnu/libdl-2.15.so
7f76e24fb000-7f76e26fb000 ---p 00002000 08:01 660486                     /lib/x86_64-linux-gnu/libdl-2.15.so
7f76e26fb000-7f76e26fc000 r--p 00002000 08:01 660486                     /lib/x86_64-linux-gnu/libdl-2.15.so
7f76e26fc000-7f76e26fd000 rw-p 00003000 08:01 660486                     /lib/x86_64-linux-gnu/libdl-2.15.so
7f76e26fd000-7f76e2701000 r-xp 00000000 08:01 2109613                    /usr/lib/jvm/java-6-openjdk-amd64/jre/lib/amd64/jli/libjli.so
7f76e2701000-7f76e2900000 ---p 00004000 08:01 2109613                    /usr/lib/jvm/java-6-openjdk-amd64/jre/lib/amd64/jli/libjli.so
7f76e2900000-7f76e2901000 r--p 00003000 08:01 2109613                    /usr/lib/jvm/java-6-openjdk-amd64/jre/lib/amd64/jli/libjli.so
7f76e2901000-7f76e2902000 rw-p 00004000 08:01 2109613                    /usr/lib/jvm/java-6-openjdk-amd64/jre/lib/amd64/jli/libjli.so
7f76e2902000-7f76e291a000 r-xp 00000000 08:01 660518                     /lib/x86_64-linux-gnu/libpthread-2.15.so
7f76e291a000-7f76e2b19000 ---p 00018000 08:01 660518                     /lib/x86_64-linux-gnu/libpthread-2.15.so
7f76e2b19000-7f76e2b1a000 r--p 00017000 08:01 660518                     /lib/x86_64-linux-gnu/libpthread-2.15.so
7f76e2b1a000-7f76e2b1b000 rw-p 00018000 08:01 660518                     /lib/x86_64-linux-gnu/libpthread-2.15.so
7f76e2b1b000-7f76e2b1f000 rw-p 00000000 00:00 0 
7f76e2b1f000-7f76e2b41000 r-xp 00000000 08:01 660573                     /lib/x86_64-linux-gnu/ld-2.15.so
7f76e2b57000-7f76e2b61000 rw-p 00000000 00:00 0 
7f76e2b61000-7f76e2c17000 rw-p 00000000 00:00 0 
7f76e2c17000-7f76e2c1a000 ---p 00000000 00:00 0 
7f76e2c1a000-7f76e2d1d000 rw-p 00000000 00:00 0 
7f76e2d35000-7f76e2d3d000 rw-s 00000000 08:01 279186                     /tmp/hsperfdata_white/6637
7f76e2d3d000-7f76e2d3e000 rw-p 00000000 00:00 0 
7f76e2d3e000-7f76e2d3f000 r--p 00000000 00:00 0 
7f76e2d3f000-7f76e2d41000 rw-p 00000000 00:00 0 
7f76e2d41000-7f76e2d42000 r--p 00022000 08:01 660573                     /lib/x86_64-linux-gnu/ld-2.15.so
7f76e2d42000-7f76e2d44000 rw-p 00023000 08:01 660573                     /lib/x86_64-linux-gnu/ld-2.15.so
7fffd9b30000-7fffd9b51000 rw-p 00000000 00:00 0                          [stack]
7fffd9be1000-7fffd9be2000 r-xp 00000000 00:00 0                          [vdso]
ffffffffff600000-ffffffffff601000 r-xp 00000000 00:00 0                  [vsyscall]

VM Arguments:
jvm_args: -Dfile.encoding=UTF-8 -Xbootclasspath:/home/white/files/android/devTools/android-sdk-linux/platforms/android-17/android.jar 
java_command: com.example.rhrsudoku.ExactCoverSolverTester
Launcher Type: SUN_STANDARD

Environment Variables:
CLASSPATH=/usr/share/java/qtjambi-4.7.0.jar:.
PATH=/usr/lib/lightdm/lightdm:/usr/local/sbin:/usr/local/bin:/usr/sbin:/usr/bin:/sbin:/bin:/usr/games:~/bin:~/bin
LD_LIBRARY_PATH=/usr/lib/jvm/java-6-openjdk-amd64/jre/lib/amd64/server:/usr/lib/jvm/java-6-openjdk-amd64/jre/lib/amd64:/usr/lib/jvm/java-6-openjdk-amd64/jre/../lib/amd64
SHELL=/bin/bash
DISPLAY=:0.0

Signal Handlers:
SIGSEGV: [libjvm.so+0x7852e0], sa_mask[0]=0x7ffbfeff, sa_flags=0x10000004
SIGBUS: [libjvm.so+0x7852e0], sa_mask[0]=0x7ffbfeff, sa_flags=0x10000004
SIGFPE: [libjvm.so+0x648d40], sa_mask[0]=0x7ffbfeff, sa_flags=0x10000004
SIGPIPE: [libjvm.so+0x648d40], sa_mask[0]=0x7ffbfeff, sa_flags=0x10000004
SIGXFSZ: [libjvm.so+0x648d40], sa_mask[0]=0x7ffbfeff, sa_flags=0x10000004
SIGILL: [libjvm.so+0x648d40], sa_mask[0]=0x7ffbfeff, sa_flags=0x10000004
SIGUSR1: SIG_DFL, sa_mask[0]=0x00000000, sa_flags=0x00000000
SIGUSR2: [libjvm.so+0x648ef0], sa_mask[0]=0x00000004, sa_flags=0x10000004
SIGHUP: SIG_DFL, sa_mask[0]=0x00000000, sa_flags=0x00000000
SIGINT: SIG_DFL, sa_mask[0]=0x00000000, sa_flags=0x00000000
SIGTERM: SIG_DFL, sa_mask[0]=0x00000000, sa_flags=0x00000000
SIGQUIT: SIG_DFL, sa_mask[0]=0x00000000, sa_flags=0x00000000


---------------  S Y S T E M  ---------------

OS:Ubuntu 12.04 (precise)
uname:Linux 3.2.0-36-generic #57-Ubuntu SMP Tue Jan 8 21:44:52 UTC 2013 x86_64
libc:glibc 2.15 NPTL 2.15 
rlimit: STACK 8192k, CORE 0k, NPROC 30403, NOFILE 4096, AS infinity
load average:0.13 0.20 0.19

/proc/meminfo:
MemTotal:        3909320 kB
MemFree:         1205144 kB
Buffers:          142152 kB
Cached:           922812 kB
SwapCached:            0 kB
Active:          1586248 kB
Inactive:         785612 kB
Active(anon):    1307664 kB
Inactive(anon):     1216 kB
Active(file):     278584 kB
Inactive(file):   784396 kB
Unevictable:           0 kB
Mlocked:               0 kB
SwapTotal:       1952764 kB
SwapFree:        1952764 kB
Dirty:                64 kB
Writeback:            16 kB
AnonPages:       1307088 kB
Mapped:           232672 kB
Shmem:              1992 kB
Slab:              74752 kB
SReclaimable:      47792 kB
SUnreclaim:        26960 kB
KernelStack:        3592 kB
PageTables:        28680 kB
NFS_Unstable:          0 kB
Bounce:                0 kB
WritebackTmp:          0 kB
CommitLimit:     3907424 kB
Committed_AS:    3491928 kB
VmallocTotal:   34359738367 kB
VmallocUsed:      304012 kB
VmallocChunk:   34359427776 kB
HardwareCorrupted:     0 kB
AnonHugePages:         0 kB
HugePages_Total:       0
HugePages_Free:        0
HugePages_Rsvd:        0
HugePages_Surp:        0
Hugepagesize:       2048 kB
DirectMap4k:      235520 kB
DirectMap2M:     3819520 kB


CPU:total 4 (2 cores per cpu, 2 threads per core) family 6 model 37 stepping 5, cmov, cx8, fxsr, mmx, sse, sse2, sse3, ssse3, sse4.1, sse4.2, popcnt, ht

Memory: 4k page, physical 3909320k(1205144k free), swap 1952764k(1952764k free)

vm_info: OpenJDK 64-Bit Server VM (20.0-b12) for linux-amd64 JRE (1.6.0_24-b24), built on Oct 24 2012 16:17:28 by "buildd" with gcc 4.6.3

time: Wed Jan 30 02:32:26 2013
elapsed time: 0 seconds

