#
# A fatal error has been detected by the Java Runtime Environment:
#
#  Internal Error (classFileParser.cpp:3494), pid=6869, tid=140093549704960
#  Error: ShouldNotReachHere()
#
# JRE version: 6.0_24-b24
# Java VM: OpenJDK 64-Bit Server VM (20.0-b12 mixed mode linux-amd64 compressed oops)
# Derivative: IcedTea6 1.11.5
# Distribution: Ubuntu 12.04 LTS, package 6b24-1.11.5-0ubuntu1~12.04.1
# If you would like to submit a bug report, please include
# instructions how to reproduce the bug and visit:
#   https://bugs.launchpad.net/ubuntu/+source/openjdk-6/
#

---------------  T H R E A D  ---------------

Current thread (0x00007f6a0c007800):  JavaThread "Unknown thread" [_thread_in_vm, id=6871, stack(0x00007f6a1233f000,0x00007f6a12440000)]

Stack: [0x00007f6a1233f000,0x00007f6a12440000],  sp=0x00007f6a1243e080,  free space=1020k
Native frames: (J=compiled Java code, j=interpreted, Vv=VM code, C=native code)
V  [libjvm.so+0x7846a5]  VMError::report(outputStream*)+0x1255
V  [libjvm.so+0x784929]  VMError::report_and_die()+0x169
V  [libjvm.so+0x3bb5ea]  report_vm_error(char const*, int, char const*, char const*)+0x4a
V  [libjvm.so+0x351985]  ClassFileParser::parseClassFile(symbolHandle, Handle, Handle, KlassHandle, GrowableArray<Handle>*, symbolHandle&, bool, Thread*)+0x1545
V  [libjvm.so+0x355be3]  ClassLoader::load_classfile(symbolHandle, Thread*)+0x1f3
V  [libjvm.so+0x71c854]  SystemDictionary::load_instance_class(symbolHandle, Handle, Thread*)+0x354
V  [libjvm.so+0x71af60]  SystemDictionary::resolve_instance_class_or_null(symbolHandle, Handle, Handle, Thread*)+0x7c0
V  [libjvm.so+0x71cee3]  SystemDictionary::resolve_or_fail(symbolHandle, Handle, Handle, bool, Thread*)+0x33
V  [libjvm.so+0x71cfc4]  SystemDictionary::resolve_or_fail(symbolHandle, bool, Thread*)+0x14
V  [libjvm.so+0x71d070]  SystemDictionary::initialize_wk_klass(SystemDictionary::WKID, int, Thread*)+0xa0
V  [libjvm.so+0x71d0d9]  SystemDictionary::initialize_wk_klasses_until(SystemDictionary::WKID, SystemDictionary::WKID&, Thread*)+0x59
V  [libjvm.so+0x71d1d1]  SystemDictionary::initialize_preloaded_classes(Thread*)+0x71
V  [libjvm.so+0x760a5f]  Universe::genesis(Thread*)+0x11f
V  [libjvm.so+0x76140f]  universe2_init()+0x1f
V  [libjvm.so+0x474675]  init_globals()+0x95
V  [libjvm.so+0x74b38a]  Threads::create_vm(JavaVMInitArgs*, bool*)+0x1ea
V  [libjvm.so+0x4ce4d1]  JNI_CreateJavaVM+0x61
C  [java+0x317e]  JavaMain+0x7e


---------------  P R O C E S S  ---------------

Java Threads: ( => current thread )

Other Threads:

=>0x00007f6a0c007800 (exited) JavaThread "Unknown thread" [_thread_in_vm, id=6871, stack(0x00007f6a1233f000,0x00007f6a12440000)]

VM state:not at safepoint (not fully initialized)

VM Mutex/Monitor currently owned by a thread: None

Dynamic libraries:
00400000-00409000 r-xp 00000000 08:01 2119771                            /usr/lib/jvm/java-6-openjdk-amd64/jre/bin/java
00608000-00609000 r--p 00008000 08:01 2119771                            /usr/lib/jvm/java-6-openjdk-amd64/jre/bin/java
00609000-0060a000 rw-p 00009000 08:01 2119771                            /usr/lib/jvm/java-6-openjdk-amd64/jre/bin/java
009d6000-009f7000 rw-p 00000000 00:00 0                                  [heap]
b9e00000-bb2c0000 rw-p 00000000 00:00 0 
bb2c0000-c4400000 rw-p 00000000 00:00 0 
c4400000-c6bd0000 rw-p 00000000 00:00 0 
c6bd0000-ec160000 rw-p 00000000 00:00 0 
ec160000-ed540000 rw-p 00000000 00:00 0 
ed540000-100000000 rw-p 00000000 00:00 0 
7f69e8000000-7f69e8021000 rw-p 00000000 00:00 0 
7f69e8021000-7f69ec000000 ---p 00000000 00:00 0 
7f69f0000000-7f69f0021000 rw-p 00000000 00:00 0 
7f69f0021000-7f69f4000000 ---p 00000000 00:00 0 
7f69f8000000-7f69f8021000 rw-p 00000000 00:00 0 
7f69f8021000-7f69fc000000 ---p 00000000 00:00 0 
7f6a00000000-7f6a00021000 rw-p 00000000 00:00 0 
7f6a00021000-7f6a04000000 ---p 00000000 00:00 0 
7f6a0791b000-7f6a079e0000 r--s 0115c000 08:05 12206815                   /home/white/files/android/devTools/android-sdk-linux/platforms/android-17/android.jar
7f6a079e0000-7f6a07a08000 rw-p 00000000 00:00 0 
7f6a07a08000-7f6a07a09000 ---p 00000000 00:00 0 
7f6a07a09000-7f6a07b09000 rw-p 00000000 00:00 0 
7f6a07b09000-7f6a07b0a000 ---p 00000000 00:00 0 
7f6a07b0a000-7f6a07c0a000 rw-p 00000000 00:00 0 
7f6a07c0a000-7f6a07c0b000 ---p 00000000 00:00 0 
7f6a07c0b000-7f6a07d0b000 rw-p 00000000 00:00 0 
7f6a07d0b000-7f6a07d0c000 ---p 00000000 00:00 0 
7f6a07d0c000-7f6a07e20000 rw-p 00000000 00:00 0 
7f6a07e20000-7f6a07f4b000 rw-p 00000000 00:00 0 
7f6a07f4b000-7f6a07f56000 rw-p 00000000 00:00 0 
7f6a07f56000-7f6a07f9e000 rw-p 00000000 00:00 0 
7f6a07f9e000-7f6a07fb2000 rw-p 00000000 00:00 0 
7f6a07fb2000-7f6a080dc000 rw-p 00000000 00:00 0 
7f6a080dc000-7f6a080e7000 rw-p 00000000 00:00 0 
7f6a080e7000-7f6a0817c000 rw-p 00000000 00:00 0 
7f6a0817c000-7f6a0817d000 rw-p 00000000 00:00 0 
7f6a0817d000-7f6a083ed000 rwxp 00000000 00:00 0 
7f6a083ed000-7f6a0b17d000 rw-p 00000000 00:00 0 
7f6a0b17d000-7f6a0b184000 r-xp 00000000 08:01 2109651                    /usr/lib/jvm/java-6-openjdk-amd64/jre/lib/amd64/libzip.so
7f6a0b184000-7f6a0b383000 ---p 00007000 08:01 2109651                    /usr/lib/jvm/java-6-openjdk-amd64/jre/lib/amd64/libzip.so
7f6a0b383000-7f6a0b384000 r--p 00006000 08:01 2109651                    /usr/lib/jvm/java-6-openjdk-amd64/jre/lib/amd64/libzip.so
7f6a0b384000-7f6a0b385000 rw-p 00007000 08:01 2109651                    /usr/lib/jvm/java-6-openjdk-amd64/jre/lib/amd64/libzip.so
7f6a0b385000-7f6a0b391000 r-xp 00000000 08:01 660567                     /lib/x86_64-linux-gnu/libnss_files-2.15.so
7f6a0b391000-7f6a0b590000 ---p 0000c000 08:01 660567                     /lib/x86_64-linux-gnu/libnss_files-2.15.so
7f6a0b590000-7f6a0b591000 r--p 0000b000 08:01 660567                     /lib/x86_64-linux-gnu/libnss_files-2.15.so
7f6a0b591000-7f6a0b592000 rw-p 0000c000 08:01 660567                     /lib/x86_64-linux-gnu/libnss_files-2.15.so
7f6a0b592000-7f6a0b59c000 r-xp 00000000 08:01 660537                     /lib/x86_64-linux-gnu/libnss_nis-2.15.so
7f6a0b59c000-7f6a0b79c000 ---p 0000a000 08:01 660537                     /lib/x86_64-linux-gnu/libnss_nis-2.15.so
7f6a0b79c000-7f6a0b79d000 r--p 0000a000 08:01 660537                     /lib/x86_64-linux-gnu/libnss_nis-2.15.so
7f6a0b79d000-7f6a0b79e000 rw-p 0000b000 08:01 660537                     /lib/x86_64-linux-gnu/libnss_nis-2.15.so
7f6a0b79e000-7f6a0b7b5000 r-xp 00000000 08:01 660770                     /lib/x86_64-linux-gnu/libnsl-2.15.so
7f6a0b7b5000-7f6a0b9b4000 ---p 00017000 08:01 660770                     /lib/x86_64-linux-gnu/libnsl-2.15.so
7f6a0b9b4000-7f6a0b9b5000 r--p 00016000 08:01 660770                     /lib/x86_64-linux-gnu/libnsl-2.15.so
7f6a0b9b5000-7f6a0b9b6000 rw-p 00017000 08:01 660770                     /lib/x86_64-linux-gnu/libnsl-2.15.so
7f6a0b9b6000-7f6a0b9b8000 rw-p 00000000 00:00 0 
7f6a0b9b8000-7f6a0b9c0000 r-xp 00000000 08:01 660570                     /lib/x86_64-linux-gnu/libnss_compat-2.15.so
7f6a0b9c0000-7f6a0bbbf000 ---p 00008000 08:01 660570                     /lib/x86_64-linux-gnu/libnss_compat-2.15.so
7f6a0bbbf000-7f6a0bbc0000 r--p 00007000 08:01 660570                     /lib/x86_64-linux-gnu/libnss_compat-2.15.so
7f6a0bbc0000-7f6a0bbc1000 rw-p 00008000 08:01 660570                     /lib/x86_64-linux-gnu/libnss_compat-2.15.so
7f6a0bbc1000-7f6a0bbed000 r-xp 00000000 08:01 2109611                    /usr/lib/jvm/java-6-openjdk-amd64/jre/lib/amd64/libjava.so
7f6a0bbed000-7f6a0bdec000 ---p 0002c000 08:01 2109611                    /usr/lib/jvm/java-6-openjdk-amd64/jre/lib/amd64/libjava.so
7f6a0bdec000-7f6a0bded000 r--p 0002b000 08:01 2109611                    /usr/lib/jvm/java-6-openjdk-amd64/jre/lib/amd64/libjava.so
7f6a0bded000-7f6a0bdf0000 rw-p 0002c000 08:01 2109611                    /usr/lib/jvm/java-6-openjdk-amd64/jre/lib/amd64/libjava.so
7f6a0bdf0000-7f6a0bdfe000 r-xp 00000000 08:01 2109631                    /usr/lib/jvm/java-6-openjdk-amd64/jre/lib/amd64/libverify.so
7f6a0bdfe000-7f6a0bffd000 ---p 0000e000 08:01 2109631                    /usr/lib/jvm/java-6-openjdk-amd64/jre/lib/amd64/libverify.so
7f6a0bffd000-7f6a0bfff000 r--p 0000d000 08:01 2109631                    /usr/lib/jvm/java-6-openjdk-amd64/jre/lib/amd64/libverify.so
7f6a0bfff000-7f6a0c000000 rw-p 0000f000 08:01 2109631                    /usr/lib/jvm/java-6-openjdk-amd64/jre/lib/amd64/libverify.so
7f6a0c000000-7f6a0c07f000 rw-p 00000000 00:00 0 
7f6a0c07f000-7f6a10000000 ---p 00000000 00:00 0 
7f6a10015000-7f6a10020000 rw-p 00000000 00:00 0 
7f6a10020000-7f6a10068000 rw-p 00000000 00:00 0 
7f6a10068000-7f6a1006f000 r-xp 00000000 08:01 660533                     /lib/x86_64-linux-gnu/librt-2.15.so
7f6a1006f000-7f6a1026e000 ---p 00007000 08:01 660533                     /lib/x86_64-linux-gnu/librt-2.15.so
7f6a1026e000-7f6a1026f000 r--p 00006000 08:01 660533                     /lib/x86_64-linux-gnu/librt-2.15.so
7f6a1026f000-7f6a10270000 rw-p 00007000 08:01 660533                     /lib/x86_64-linux-gnu/librt-2.15.so
7f6a10270000-7f6a10285000 r-xp 00000000 08:01 660507                     /lib/x86_64-linux-gnu/libgcc_s.so.1
7f6a10285000-7f6a10484000 ---p 00015000 08:01 660507                     /lib/x86_64-linux-gnu/libgcc_s.so.1
7f6a10484000-7f6a10485000 r--p 00014000 08:01 660507                     /lib/x86_64-linux-gnu/libgcc_s.so.1
7f6a10485000-7f6a10486000 rw-p 00015000 08:01 660507                     /lib/x86_64-linux-gnu/libgcc_s.so.1
7f6a10486000-7f6a10581000 r-xp 00000000 08:01 660557                     /lib/x86_64-linux-gnu/libm-2.15.so
7f6a10581000-7f6a10780000 ---p 000fb000 08:01 660557                     /lib/x86_64-linux-gnu/libm-2.15.so
7f6a10780000-7f6a10781000 r--p 000fa000 08:01 660557                     /lib/x86_64-linux-gnu/libm-2.15.so
7f6a10781000-7f6a10782000 rw-p 000fb000 08:01 660557                     /lib/x86_64-linux-gnu/libm-2.15.so
7f6a10782000-7f6a10864000 r-xp 00000000 08:01 402465                     /usr/lib/x86_64-linux-gnu/libstdc++.so.6.0.16
7f6a10864000-7f6a10a63000 ---p 000e2000 08:01 402465                     /usr/lib/x86_64-linux-gnu/libstdc++.so.6.0.16
7f6a10a63000-7f6a10a6b000 r--p 000e1000 08:01 402465                     /usr/lib/x86_64-linux-gnu/libstdc++.so.6.0.16
7f6a10a6b000-7f6a10a6d000 rw-p 000e9000 08:01 402465                     /usr/lib/x86_64-linux-gnu/libstdc++.so.6.0.16
7f6a10a6d000-7f6a10a82000 rw-p 00000000 00:00 0 
7f6a10a82000-7f6a11387000 r-xp 00000000 08:01 2109603                    /usr/lib/jvm/java-6-openjdk-amd64/jre/lib/amd64/server/libjvm.so
7f6a11387000-7f6a11587000 ---p 00905000 08:01 2109603                    /usr/lib/jvm/java-6-openjdk-amd64/jre/lib/amd64/server/libjvm.so
7f6a11587000-7f6a11607000 r--p 00905000 08:01 2109603                    /usr/lib/jvm/java-6-openjdk-amd64/jre/lib/amd64/server/libjvm.so
7f6a11607000-7f6a11622000 rw-p 00985000 08:01 2109603                    /usr/lib/jvm/java-6-openjdk-amd64/jre/lib/amd64/server/libjvm.so
7f6a11622000-7f6a1164b000 rw-p 00000000 00:00 0 
7f6a1164b000-7f6a11661000 r-xp 00000000 08:01 660597                     /lib/x86_64-linux-gnu/libz.so.1.2.3.4
7f6a11661000-7f6a11860000 ---p 00016000 08:01 660597                     /lib/x86_64-linux-gnu/libz.so.1.2.3.4
7f6a11860000-7f6a11861000 r--p 00015000 08:01 660597                     /lib/x86_64-linux-gnu/libz.so.1.2.3.4
7f6a11861000-7f6a11862000 rw-p 00016000 08:01 660597                     /lib/x86_64-linux-gnu/libz.so.1.2.3.4
7f6a11862000-7f6a11a17000 r-xp 00000000 08:01 660494                     /lib/x86_64-linux-gnu/libc-2.15.so
7f6a11a17000-7f6a11c16000 ---p 001b5000 08:01 660494                     /lib/x86_64-linux-gnu/libc-2.15.so
7f6a11c16000-7f6a11c1a000 r--p 001b4000 08:01 660494                     /lib/x86_64-linux-gnu/libc-2.15.so
7f6a11c1a000-7f6a11c1c000 rw-p 001b8000 08:01 660494                     /lib/x86_64-linux-gnu/libc-2.15.so
7f6a11c1c000-7f6a11c21000 rw-p 00000000 00:00 0 
7f6a11c21000-7f6a11c23000 r-xp 00000000 08:01 660486                     /lib/x86_64-linux-gnu/libdl-2.15.so
7f6a11c23000-7f6a11e23000 ---p 00002000 08:01 660486                     /lib/x86_64-linux-gnu/libdl-2.15.so
7f6a11e23000-7f6a11e24000 r--p 00002000 08:01 660486                     /lib/x86_64-linux-gnu/libdl-2.15.so
7f6a11e24000-7f6a11e25000 rw-p 00003000 08:01 660486                     /lib/x86_64-linux-gnu/libdl-2.15.so
7f6a11e25000-7f6a11e29000 r-xp 00000000 08:01 2109613                    /usr/lib/jvm/java-6-openjdk-amd64/jre/lib/amd64/jli/libjli.so
7f6a11e29000-7f6a12028000 ---p 00004000 08:01 2109613                    /usr/lib/jvm/java-6-openjdk-amd64/jre/lib/amd64/jli/libjli.so
7f6a12028000-7f6a12029000 r--p 00003000 08:01 2109613                    /usr/lib/jvm/java-6-openjdk-amd64/jre/lib/amd64/jli/libjli.so
7f6a12029000-7f6a1202a000 rw-p 00004000 08:01 2109613                    /usr/lib/jvm/java-6-openjdk-amd64/jre/lib/amd64/jli/libjli.so
7f6a1202a000-7f6a12042000 r-xp 00000000 08:01 660518                     /lib/x86_64-linux-gnu/libpthread-2.15.so
7f6a12042000-7f6a12241000 ---p 00018000 08:01 660518                     /lib/x86_64-linux-gnu/libpthread-2.15.so
7f6a12241000-7f6a12242000 r--p 00017000 08:01 660518                     /lib/x86_64-linux-gnu/libpthread-2.15.so
7f6a12242000-7f6a12243000 rw-p 00018000 08:01 660518                     /lib/x86_64-linux-gnu/libpthread-2.15.so
7f6a12243000-7f6a12247000 rw-p 00000000 00:00 0 
7f6a12247000-7f6a12269000 r-xp 00000000 08:01 660573                     /lib/x86_64-linux-gnu/ld-2.15.so
7f6a1227f000-7f6a12289000 rw-p 00000000 00:00 0 
7f6a12289000-7f6a1233f000 rw-p 00000000 00:00 0 
7f6a1233f000-7f6a12342000 ---p 00000000 00:00 0 
7f6a12342000-7f6a12445000 rw-p 00000000 00:00 0 
7f6a1245d000-7f6a12465000 rw-s 00000000 08:01 279186                     /tmp/hsperfdata_white/6869
7f6a12465000-7f6a12466000 rw-p 00000000 00:00 0 
7f6a12466000-7f6a12467000 r--p 00000000 00:00 0 
7f6a12467000-7f6a12469000 rw-p 00000000 00:00 0 
7f6a12469000-7f6a1246a000 r--p 00022000 08:01 660573                     /lib/x86_64-linux-gnu/ld-2.15.so
7f6a1246a000-7f6a1246c000 rw-p 00023000 08:01 660573                     /lib/x86_64-linux-gnu/ld-2.15.so
7fff86f61000-7fff86f82000 rw-p 00000000 00:00 0                          [stack]
7fff86fff000-7fff87000000 r-xp 00000000 00:00 0                          [vdso]
ffffffffff600000-ffffffffff601000 r-xp 00000000 00:00 0                  [vsyscall]

VM Arguments:
jvm_args: -Dfile.encoding=UTF-8 -Xbootclasspath:/home/white/files/android/devTools/android-sdk-linux/platforms/android-17/android.jar 
java_command: com.example.rhrsudoku.ExactCoverSolverTester
Launcher Type: SUN_STANDARD

Environment Variables:
CLASSPATH=/usr/share/java/qtjambi-4.7.0.jar:.
PATH=/usr/lib/lightdm/lightdm:/usr/local/sbin:/usr/local/bin:/usr/sbin:/usr/bin:/sbin:/bin:/usr/games:~/bin:~/bin
LD_LIBRARY_PATH=/usr/lib/jvm/java-6-openjdk-amd64/jre/lib/amd64/server:/usr/lib/jvm/java-6-openjdk-amd64/jre/lib/amd64:/usr/lib/jvm/java-6-openjdk-amd64/jre/../lib/amd64
SHELL=/bin/bash
DISPLAY=:0.0

Signal Handlers:
SIGSEGV: [libjvm.so+0x7852e0], sa_mask[0]=0x7ffbfeff, sa_flags=0x10000004
SIGBUS: [libjvm.so+0x7852e0], sa_mask[0]=0x7ffbfeff, sa_flags=0x10000004
SIGFPE: [libjvm.so+0x648d40], sa_mask[0]=0x7ffbfeff, sa_flags=0x10000004
SIGPIPE: [libjvm.so+0x648d40], sa_mask[0]=0x7ffbfeff, sa_flags=0x10000004
SIGXFSZ: [libjvm.so+0x648d40], sa_mask[0]=0x7ffbfeff, sa_flags=0x10000004
SIGILL: [libjvm.so+0x648d40], sa_mask[0]=0x7ffbfeff, sa_flags=0x10000004
SIGUSR1: SIG_DFL, sa_mask[0]=0x00000000, sa_flags=0x00000000
SIGUSR2: [libjvm.so+0x648ef0], sa_mask[0]=0x00000004, sa_flags=0x10000004
SIGHUP: SIG_DFL, sa_mask[0]=0x00000000, sa_flags=0x00000000
SIGINT: SIG_DFL, sa_mask[0]=0x00000000, sa_flags=0x00000000
SIGTERM: SIG_DFL, sa_mask[0]=0x00000000, sa_flags=0x00000000
SIGQUIT: SIG_DFL, sa_mask[0]=0x00000000, sa_flags=0x00000000


---------------  S Y S T E M  ---------------

OS:Ubuntu 12.04 (precise)
uname:Linux 3.2.0-36-generic #57-Ubuntu SMP Tue Jan 8 21:44:52 UTC 2013 x86_64
libc:glibc 2.15 NPTL 2.15 
rlimit: STACK 8192k, CORE 0k, NPROC 30403, NOFILE 4096, AS infinity
load average:0.26 0.22 0.19

/proc/meminfo:
MemTotal:        3909320 kB
MemFree:         1195344 kB
Buffers:          143060 kB
Cached:           935304 kB
SwapCached:            0 kB
Active:          1601712 kB
Inactive:         784472 kB
Active(anon):    1308588 kB
Inactive(anon):     1216 kB
Active(file):     293124 kB
Inactive(file):   783256 kB
Unevictable:           0 kB
Mlocked:               0 kB
SwapTotal:       1952764 kB
SwapFree:        1952764 kB
Dirty:                20 kB
Writeback:             0 kB
AnonPages:       1307868 kB
Mapped:           234136 kB
Shmem:              1992 kB
Slab:              75156 kB
SReclaimable:      48192 kB
SUnreclaim:        26964 kB
KernelStack:        3552 kB
PageTables:        28720 kB
NFS_Unstable:          0 kB
Bounce:                0 kB
WritebackTmp:          0 kB
CommitLimit:     3907424 kB
Committed_AS:    3474872 kB
VmallocTotal:   34359738367 kB
VmallocUsed:      304012 kB
VmallocChunk:   34359427776 kB
HardwareCorrupted:     0 kB
AnonHugePages:         0 kB
HugePages_Total:       0
HugePages_Free:        0
HugePages_Rsvd:        0
HugePages_Surp:        0
Hugepagesize:       2048 kB
DirectMap4k:      235520 kB
DirectMap2M:     3819520 kB


CPU:total 4 (2 cores per cpu, 2 threads per core) family 6 model 37 stepping 5, cmov, cx8, fxsr, mmx, sse, sse2, sse3, ssse3, sse4.1, sse4.2, popcnt, ht

Memory: 4k page, physical 3909320k(1195344k free), swap 1952764k(1952764k free)

vm_info: OpenJDK 64-Bit Server VM (20.0-b12) for linux-amd64 JRE (1.6.0_24-b24), built on Oct 24 2012 16:17:28 by "buildd" with gcc 4.6.3

time: Wed Jan 30 02:38:19 2013
elapsed time: 0 seconds

